<?xml version="1.0" encoding="UTF-8"?>
<!-- Generated by org.testng.reporters.JUnitXMLReporter -->
<testsuite ignored="4" hostname="DESKTOP-RUP04LH" failures="0" tests="3" name="Test" time="102.788" errors="0" timestamp="2023-01-03T15:39:11 IST">
  <testcase classname="com.obs.tests.T1LoginTest" name="verifyLogin" time="21.4"/>
  <testcase classname="com.obs.tests.T3VerifyUserLogin" name="verifyUserLogin" time="22.344"/>
  <testcase classname="com.obs.tests.T2VerifyDepositAmount" name="verifyDepositAmount" time="25.188"/>
  <testcase classname="com.obs.base.BasePage" name="@AfterSuite cleanup" time="0.0">
    <ignored/>
  </testcase> <!-- @AfterSuite cleanup -->
  <testcase classname="com.obs.base.BasePage" name="@BeforeSuite initialyeReport" time="0.0">
    <ignored/>
  </testcase> <!-- @BeforeSuite initialyeReport -->
  <testcase classname="com.obs.base.BasePage" name="@BeforeSuite initialyeReport" time="0.0">
    <ignored/>
  </testcase> <!-- @BeforeSuite initialyeReport -->
  <testcase classname="com.obs.base.BasePage" name="@AfterSuite cleanup" time="0.0">
    <ignored/>
  </testcase> <!-- @AfterSuite cleanup -->
</testsuite> <!-- Test -->
