<?xml version="1.0" encoding="UTF-8"?>
<testng-results ignored="4" total="7" passed="3" failed="0" skipped="0">
  <reporter-output>
  </reporter-output>
  <suite started-at="2023-01-03T15:37:28 IST" name="Suite" finished-at="2023-01-03T15:39:11 IST" duration-ms="102788">
    <groups>
    </groups>
    <test started-at="2023-01-03T15:37:28 IST" name="Test" finished-at="2023-01-03T15:39:11 IST" duration-ms="102788">
      <class name="com.obs.tests.T1LoginTest">
        <test-method is-config="true" signature="initialyeReport()[pri:0, instance:com.obs.tests.T1LoginTest@2c35e847]" started-at="2023-01-03T15:37:27 IST" name="initialyeReport" finished-at="2023-01-03T15:37:28 IST" duration-ms="324" status="PASS">
          <reporter-output>
          </reporter-output>
        </test-method> <!-- initialyeReport -->
        <test-method is-config="true" signature="launch(java.lang.String,java.lang.reflect.Method)[pri:0, instance:com.obs.tests.T1LoginTest@2c35e847]" started-at="2023-01-03T15:37:28 IST" name="launch" finished-at="2023-01-03T15:37:47 IST" duration-ms="19123" status="PASS">
          <params>
            <param index="0">
              <value>
                <![CDATA[Chrome]]>
              </value>
            </param>
            <param index="1">
              <value>
                <![CDATA[public void com.obs.tests.T1LoginTest.verifyLogin() throws java.io.IOException,java.lang.InterruptedException]]>
              </value>
            </param>
          </params>
          <reporter-output>
          </reporter-output>
        </test-method> <!-- launch -->
        <test-method signature="verifyLogin()[pri:0, instance:com.obs.tests.T1LoginTest@2c35e847]" started-at="2023-01-03T15:37:47 IST" name="verifyLogin" finished-at="2023-01-03T15:38:08 IST" duration-ms="21400" status="PASS">
          <reporter-output>
          </reporter-output>
        </test-method> <!-- verifyLogin -->
        <test-method is-config="true" signature="closeBrowser(org.testng.ITestResult)[pri:0, instance:com.obs.tests.T1LoginTest@2c35e847]" started-at="2023-01-03T15:38:08 IST" name="closeBrowser" finished-at="2023-01-03T15:38:14 IST" duration-ms="5401" status="PASS">
          <params>
            <param index="0">
              <value>
                <![CDATA[[TestResult name=verifyLogin status=SUCCESS method=T1LoginTest.verifyLogin()[pri:0, instance:com.obs.tests.T1LoginTest@2c35e847] output={null}]]]>
              </value>
            </param>
          </params>
          <reporter-output>
          </reporter-output>
        </test-method> <!-- closeBrowser -->
        <test-method is-config="true" signature="cleanup()[pri:0, instance:com.obs.tests.T1LoginTest@2c35e847]" started-at="2023-01-03T15:39:11 IST" name="cleanup" finished-at="2023-01-03T15:39:12 IST" duration-ms="1442" status="PASS">
          <reporter-output>
          </reporter-output>
        </test-method> <!-- cleanup -->
      </class> <!-- com.obs.tests.T1LoginTest -->
      <class name="com.obs.tests.T2VerifyDepositAmount">
        <test-method is-config="true" signature="launch(java.lang.String,java.lang.reflect.Method)[pri:0, instance:com.obs.tests.T2VerifyDepositAmount@bae7dc0]" started-at="2023-01-03T15:38:42 IST" name="launch" finished-at="2023-01-03T15:38:44 IST" duration-ms="1593" status="PASS">
          <params>
            <param index="0">
              <value>
                <![CDATA[Chrome]]>
              </value>
            </param>
            <param index="1">
              <value>
                <![CDATA[public void com.obs.tests.T2VerifyDepositAmount.verifyDepositAmount() throws java.io.IOException,java.lang.InterruptedException]]>
              </value>
            </param>
          </params>
          <reporter-output>
          </reporter-output>
        </test-method> <!-- launch -->
        <test-method signature="verifyDepositAmount()[pri:0, instance:com.obs.tests.T2VerifyDepositAmount@bae7dc0]" started-at="2023-01-03T15:38:44 IST" name="verifyDepositAmount" finished-at="2023-01-03T15:39:09 IST" duration-ms="25188" status="PASS">
          <reporter-output>
          </reporter-output>
        </test-method> <!-- verifyDepositAmount -->
        <test-method is-config="true" signature="closeBrowser(org.testng.ITestResult)[pri:0, instance:com.obs.tests.T2VerifyDepositAmount@bae7dc0]" started-at="2023-01-03T15:39:09 IST" name="closeBrowser" finished-at="2023-01-03T15:39:11 IST" duration-ms="1425" status="PASS">
          <params>
            <param index="0">
              <value>
                <![CDATA[[TestResult name=verifyDepositAmount status=SUCCESS method=T2VerifyDepositAmount.verifyDepositAmount()[pri:0, instance:com.obs.tests.T2VerifyDepositAmount@bae7dc0] output={null}]]]>
              </value>
            </param>
          </params>
          <reporter-output>
          </reporter-output>
        </test-method> <!-- closeBrowser -->
      </class> <!-- com.obs.tests.T2VerifyDepositAmount -->
      <class name="com.obs.tests.T3VerifyUserLogin">
        <test-method is-config="true" signature="launch(java.lang.String,java.lang.reflect.Method)[pri:0, instance:com.obs.tests.T3VerifyUserLogin@4f2b503c]" started-at="2023-01-03T15:38:14 IST" name="launch" finished-at="2023-01-03T15:38:18 IST" duration-ms="4346" status="PASS">
          <params>
            <param index="0">
              <value>
                <![CDATA[Chrome]]>
              </value>
            </param>
            <param index="1">
              <value>
                <![CDATA[public void com.obs.tests.T3VerifyUserLogin.verifyUserLogin() throws java.io.IOException,java.lang.InterruptedException]]>
              </value>
            </param>
          </params>
          <reporter-output>
          </reporter-output>
        </test-method> <!-- launch -->
        <test-method signature="verifyUserLogin()[pri:0, instance:com.obs.tests.T3VerifyUserLogin@4f2b503c]" started-at="2023-01-03T15:38:18 IST" name="verifyUserLogin" finished-at="2023-01-03T15:38:40 IST" duration-ms="22344" status="PASS">
          <reporter-output>
          </reporter-output>
        </test-method> <!-- verifyUserLogin -->
        <test-method is-config="true" signature="closeBrowser(org.testng.ITestResult)[pri:0, instance:com.obs.tests.T3VerifyUserLogin@4f2b503c]" started-at="2023-01-03T15:38:40 IST" name="closeBrowser" finished-at="2023-01-03T15:38:42 IST" duration-ms="1904" status="PASS">
          <params>
            <param index="0">
              <value>
                <![CDATA[[TestResult name=verifyUserLogin status=SUCCESS method=T3VerifyUserLogin.verifyUserLogin()[pri:0, instance:com.obs.tests.T3VerifyUserLogin@4f2b503c] output={null}]]]>
              </value>
            </param>
          </params>
          <reporter-output>
          </reporter-output>
        </test-method> <!-- closeBrowser -->
      </class> <!-- com.obs.tests.T3VerifyUserLogin -->
    </test> <!-- Test -->
  </suite> <!-- Suite -->
</testng-results>
