<?xml version="1.0" encoding="UTF-8"?>
<testsuite xmlns:xsi="http://www.w3.org/2001/XMLSchema-instance" xsi:noNamespaceSchemaLocation="https://maven.apache.org/surefire/maven-surefire-plugin/xsd/surefire-test-report.xsd" name="TestSuite" time="109.456" tests="3" errors="0" skipped="0" failures="0">
  <properties>
[...]
</properties>
  <testcase name="verifyLogin" classname="com.obs.tests.T1LoginTest" time="23.788"/>
  <testcase name="verifyUserLogin" classname="com.obs.tests.T3VerifyUserLogin" time="22.34"/>
  <testcase name="verifyDepositAmount" classname="com.obs.tests.T2VerifyDepositAmount" time="25.189"/>
</testsuite>